<?xml version="1.0" encoding="UTF-8"?>
<!-- Generated by org.testng.reporters.JUnitReportReporter -->
<testsuite hostname="LincolnPC" failures="0" tests="1" name="com.qa.tests.AppiumEmulatorTest" time="4.530" errors="0" timestamp="2025-03-26T23:38:07 IST" skipped="0">
  <testcase classname="com.qa.tests.AppiumEmulatorTest" name="MyFirstTest_Appium" time="4.530"/>
</testsuite> <!-- com.qa.tests.AppiumEmulatorTest -->
